###Block: Languages
Gnoll					CATEGORY:Language	AUTO:LANG|Gnoll			TYPE:Language.Spoken.Gnoll				DESC:Gnoll Language

###Block: Races

##Gnoll
Racial Traits ~ Gnoll	CATEGORY:Internal	ABILITY:Gnoll Trait|AUTOMATIC|TYPE=Base Gnoll Trait	BONUS:ABILITYPOOL|Gnoll Subrace|1	
# Gnoll Traits
Age				KEY:Gnoll ~ Age						SORTKEY:1_Race	CATEGORY:Special Ability	TYPE:Gnoll Trait.Base Gnoll Trait.SpecialQuality.Race Trait	VISIBLE:EXPORT	DESC:Gnolls come of age remarkably soon, usually ready to fight by the middle of their second year, and are fully grown by around age three. Due to their frantic and violent lives, gnolls rarely live to be older than about thirty.
Alignment			KEY:Gnoll ~ Alignment					SORTKEY:1_Race	CATEGORY:Special Ability	TYPE:Gnoll Trait.Base Gnoll Trait.SpecialQuality.Race Trait	VISIBLE:EXPORT	DESC:Gnolls are inclined to take what they want through force, and have little regard for rules or hierarchy, giving them a strong (but not absolute) inclination towards chaotic evil.
Size				KEY:Gnoll ~ Size					SORTKEY:1_Race	CATEGORY:Special Ability	TYPE:Gnoll Trait.Base Gnoll Trait.SpecialQuality.Race Trait	VISIBLE:EXPORT	DESC:Gnolls have bodies resembling muscular humanoid hyenas, and it is not unusual for them to grow as tall as 7’ in height, usually weighing between 250 and 300 pounds. Your size is Medium.
Speed				KEY:Gnoll ~ Speed					SORTKEY:1_Race	CATEGORY:Special Ability	TYPE:Gnoll Trait.Base Gnoll Trait.SpecialQuality.Race Trait	VISIBLE:EXPORT	DESC:Your base walking speed is 30 feet.
Darkvision			KEY:Gnoll ~ Darkvision				SORTKEY:1_Race	CATEGORY:Special Ability	TYPE:Gnoll Trait.Base Gnoll Trait.SpecialQuality.Race Trait	VISIBLE:EXPORT	DESC:Thanks to your demonic blood, you have superior vision in dark and dim conditions. You can see in dim light within 60 feet of you as if it were bright light, and in darkness as if it were dim light. You can't discern color in darkness, only shades of gray.	BONUS:VAR|DarkvisionRange|60|TYPE=Base
Languages	KEY:Gnoll ~ Languages	SORTKEY:1_Race	CATEGORY:Special Ability	TYPE:Race Trait.Base Gnoll Trait.Gnoll Trait.SpecialQuality	DESC:You can speak, read, and write Common and Gnoll.	ABILITY:Language Selection|AUTOMATIC|Gnoll|Common
Gnoll Breed	KEY:Gnoll ~ Gnoll Breed	SORTKEY:1_Race	CATEGORY:Special Ability	TYPE:Race Trait.Base Gnoll Trait.Gnoll Trait.SpecialQuality	DESC:You were born into one of three gnoll breeds. Each breed grants specific, individual aptitudes which reveal themselves by the time you come of age. Choose either the Mystic, Scout, or Warrior breed.
Bite	KEY:Gnoll ~ Bite	CATEGORY:Special Ability	TYPE:Base Gnoll Trait.SpecialQuality.Action	DESC:As a Gnoll, you are never unarmed. You are proficient with your bite, which is a melee weapon that deals 1d6 piercing damage.	

#Gnoll Mystic Traits
Gnoll Mystic			KEY:Gnoll Subrace ~ Gnoll Mystic		CATEGORY:Internal			TYPE:GnollSubrace		TEMPLATE:Subrace ~ Gnoll Mystic	ABILITY:Gnoll Trait|AUTOMATIC|Gnoll Mystic ~ Ability Score Increase		DESC:Most Gnoll mystics don’t truly understand the weave -- the mystical force that they tap to channel their magical abilities -- but this does not stop them from harnessing their demonic ties to make potent use of even the most simple spells.	ABILITY:Gnoll Trait|AUTOMATIC|Gnoll Mystic ~ Additional Language	ABILITY:Gnoll Trait|AUTOMATIC|Gnoll Mystic ~ Gnoll Magic	TEMPLATE:d6 bite
Ability Score Increase	KEY:Gnoll Mystic ~ Ability Score Increase		SORTKEY:1_Race	CATEGORY:Special Ability	TYPE:Gnoll Trait.SpecialQuality.Race Trait	VISIBLE:EXPORT	DESC:Your Strength score increases by 2, and your Intelligence score decreases by 1. Additionally, as a Mystic your Charisma score increases by 1.	BONUS:STAT|Cha|1|TYPE=Racial	BONUS:STAT|Str|2|TYPE=Racial	BONUS:STAT|Int|-1|TYPE=Racial
Languages	KEY:Gnoll Mystic ~ Additional Language	SORTKEY:1_Race	CATEGORY:Special Ability	TYPE:Gnoll Trait.SpecialQuality.Race Trait	DESC:You can speak, read, and write Abyssal.	ABILITY:Language Selection|AUTOMATIC|Abyssal
Gnoll Magic	KEY:Gnoll Mystic ~ Gnoll Magic	SORTKEY:1_Race	CATEGORY:Special Ability	TYPE:Gnoll Trait.SpecialQuality.Race Trait	DESC:You know the minor illusion cantrip. When you reach 3rd level, you can cast the hideous laughter spell once per day. When you reach 5th level, you can also cast the enhance ability spell once per day. Charisma is your spellcasting ability for these spells.	SPELLS:Gnoll Mystic|TIMES=ATWILL|CASTERLEVEL=1|Minor Illusion,8+Cha+Proficiency_Bonus	SPELLS:Gnoll Mystic|TIMES=1|TIMEUNIT=Day|Tasha's Hideous Laughter,8+Cha+Proficiency_Bonus|PRELEVEL:MIN=3	SPELLS:Gnoll Mystic|TIMES=1|TIMEUNIT=Day|Enhance Ability,8+Cha+Proficiency_Bonus|PRELEVEL:MIN=5

#Gnoll Scout Traits
Gnoll Scout			KEY:Gnoll Subrace ~ Gnoll Scout		CATEGORY:Internal			TYPE:GnollSubrace		TEMPLATE:Subrace ~ Gnoll Scout	ABILITY:Gnoll Trait|AUTOMATIC|Gnoll Scout ~ Ability Score Increase		DESC:Gnoll scouts are the eyes of their pack. They circle around the group’s current location in search of food, loot, or possible threats, reporting back with their findings, as well as the best possible routes from which to launch an attack to seize anything of value their unsuspecting targets may possess.	ABILITY:Gnoll Trait|AUTOMATIC|Gnoll Scout ~ Movement Increase	ABILITY:Gnoll Trait|AUTOMATIC|Gnoll Scout ~ Frenzied Ranged Fighting	ABILITY:Gnoll Trait|AUTOMATIC|Gnoll Scout ~ Ranged Weapon Proficiency	TEMPLATE:d6 bite
Ability Score Increase	KEY:Gnoll Scout ~ Ability Score Increase		SORTKEY:1_Race	CATEGORY:Special Ability	TYPE:Gnoll Trait.SpecialQuality.Race Trait	VISIBLE:EXPORT	DESC:Your Strength score increases by 2, and your Intelligence score decreases by 1. Additionally, as a Scout your Dexterity score increases by 1.	BONUS:STAT|DEX|1|TYPE=Racial	BONUS:STAT|Str|2|TYPE=Racial	BONUS:STAT|Int|-1|TYPE=Racial
Fast Movement	KEY:Gnoll Scout ~ Movement Increase			SORTKEY:1_Race	CATEGORY:Special Ability	TYPE:Gnoll Trait.SpecialQuality.Race Trait	DESC:Starting at 5th level, your speed increases by 10 feet while you aren't wearing heavy armor.	BONUS:MOVEADD|TYPE.Walk|5
Ranged Weapon Proficiency	KEY:Gnoll Scout ~ Ranged Weapon Proficiency		SORTKEY:1_Race	CATEGORY:Special Ability	TYPE:Gnoll Trait.SpecialQuality.Race Trait	DESC:You have proficiency with the longsword, shortsword, shortbow, and longbow.		ABILITY:Weapon|AUTOMATIC|Crossbow (Light)|Shortbow|Longbow
Frenzied Ranged Fighting	KEY:Gnoll Scout ~ Frenzied Ranged Fighting		SORTKEY:1_Race	CATEGORY:Special Ability	TYPE:Gnoll Trait.SpecialQuality.Race Trait	DESC:You do not have disadvantage when using ranged weapons within 5 feet of a hostile creature.

#Gnoll Warrior Traits
Gnoll Warrior			KEY:Gnoll Subrace ~ Gnoll Warrior		CATEGORY:Internal			TYPE:GnollSubrace		TEMPLATE:Subrace ~ Gnoll Warrior	ABILITY:Gnoll Trait|AUTOMATIC|Gnoll Warrior ~ Ability Score Increase		DESC:Warriors are easily the most common breed among nearly all gnoll packs. They use their tremendous speed and formidable strength to harass and surround their prey before slowly closing in for the kill.	ABILITY:Gnoll Trait|AUTOMATIC|Gnoll Warrior ~ Improved Natural Weapon	ABILITY:Gnoll Trait|AUTOMATIC|Gnoll Warrior ~ Rampage	ABILITY:Gnoll Trait|AUTOMATIC|Gnoll Warrior ~ Polearm Proficiency
Ability Score Increase	KEY:Gnoll Warrior ~ Ability Score Increase		SORTKEY:1_Race	CATEGORY:Special Ability	TYPE:Gnoll Trait.SpecialQuality.Race Trait	VISIBLE:EXPORT	DESC:Your Strength score increases by 2, and your Intelligence score decreases by 1. Additionally, as a Warrior your Constitution score increases by 1.	BONUS:STAT|Con|1|TYPE=Racial	BONUS:STAT|Str|2|TYPE=Racial	BONUS:STAT|Int|-1|TYPE=Racial
Polearm Proficiency	KEY:Gnoll Warrior ~ Polearm Proficiency		SORTKEY:1_Race	CATEGORY:Special Ability	TYPE:Gnoll Trait.SpecialQuality.Race Trait	DESC:You gain proficiency with the glaive, halberd, pike, and spear.		ABILITY:Weapon|AUTOMATIC|Pike|Glaive|Halberd|Spear
Rampage	KEY:Gnoll Warrior ~ Rampage		SORTKEY:1_Race	CATEGORY:Special Ability	TYPE:Gnoll Trait.SpecialQuality.Race Trait	DESC:When you reduce a creature to 0 hit points on your turn, you can use a bonus action to move up to half your speed and make a Bite attack.
Improved Natural Weapon	KEY:Gnoll Warrior ~ Improved Natural Weapon		SORTKEY:1_Race	CATEGORY:Special Ability	TYPE:Gnoll Trait.SpecialQuality.Race Trait	DESC:Your bite attack deals 1d8 piercing damage, instead of 1d6, and when you hit a creature with your bite, you can use a bonus action to initiate a grapple.	TEMPLATE:d8 bite
