### Block: Definitions
Racial Traits ~ IADNDMN NPC Mandrake Sprout					CATEGORY:Internal		ABILITY:Special Ability|AUTOMATIC|TYPE=IADNDMN Mandrake Sprout Race Trait	
Racial Traits ~ IADNDMN Mandrake					CATEGORY:Internal		ABILITY:Special Ability|AUTOMATIC|TYPE=IADNDMN Mandrake Race Trait	


### Block: NPC Traits
##Mandrake Sprout
Earthen Rest								KEY:IADNDMN Mandrake Sprout ~ Earthen Rest											CATEGORY:Special Ability	TYPE:IADNDMN Mandrake Sprout Race Trait.SpecialQuality.Action						DESC:During a Short or Long Rest, the mandrake may burrow itself into soil, so that only the foliage on the top of its head is visible. When it does this, the mandrake restores twice as many hit points as it would normally from that rest. The mandrake is awake during this rest, as they do not sleep.
False Appearence								KEY:IADNDMN Mandrake Sprout ~ False Appearence											CATEGORY:Special Ability	TYPE:IADNDMN Mandrake Sprout Race Trait.SpecialQuality.Action						DESC:While the mandrake is burrowed in the ground, it is indistinguishable from a regular plant of whichever type grows from the top of its head.
Multiattack								KEY:IADNDMN Mandrake Sprout ~ Multiattack										CATEGORY:Special Ability	TYPE:IADNDMN Mandrake Sprout Race Trait.SpecialQuality.Action					DESC:The mandrake makes two bite attacks, or one scream attack followed by one bite attack.
Bite							KEY:IADNDMN Mandrake Sprout ~ Bite										CATEGORY:Special Ability	TYPE:IADNDMN Mandrake Sprout Race Trait.SpecialQuality.Action				DESC:Melee Weapon Attack: +4 to hit, range 5', one creature. Hit 3 (1d6) piercing damage, and the creature must succeed on a DC 13 Constitution saving throw or take 3 (1d6) poison damage.
Scream (1/Short or Long Rest)							KEY:IADNDMN Mandrake Sprout ~ Scream										CATEGORY:Special Ability	TYPE:IADNDMN Mandrake Sprout Race Trait.SpecialQuality.Action				DESC:Each non-mandrake creature within 30' of the mandrake must succeed on a DC 13 Constitution saving throw or take 13 (2d12) thunder damage, taking half as much on a success.

### Block: PC Race Traits
##Mandrake
Age				KEY:IANDNMN Mandrake ~ Age						SORTKEY:1_Race	CATEGORY:Special Ability	TYPE:IADNDMN Mandrake Trait.Base Mandrake Trait.SpecialQuality.Race Trait	VISIBLE:EXPORT	DESC:Mandrakes reach maturity quickly, usually after about a year. Most live between 60 and 80 years, though a select few have been known to live for well over a century.
Alignment			KEY:IANDNMN Mandrake ~ Alignment					SORTKEY:1_Race	CATEGORY:Special Ability	TYPE:IADNDMN Mandrake Trait.Base Mandrake Trait.SpecialQuality.Race Trait	VISIBLE:EXPORT	DESC:Mandrakes are untrusting of outsiders, and usually only look out for themselves and their loved ones: they are most often chaotic neutral.
Size				KEY:IANDNMN Mandrake ~ Size					SORTKEY:1_Race	CATEGORY:Special Ability	TYPE:IADNDMN Mandrake Trait.Base Mandrake Trait.SpecialQuality.Race Trait	VISIBLE:EXPORT	DESC:Mandrakes are usually somewhere near 3 and a half feet tall to the tops of their heads, though their heads are topped with plants which can add anywhere from a few inches, to one or two feet above that. Your size is Small.
Speed				KEY:IANDNMN Mandrake ~ Speed					SORTKEY:1_Race	CATEGORY:Special Ability	TYPE:IADNDMN Mandrake Trait.Base Mandrake Trait.SpecialQuality.Race Trait	VISIBLE:EXPORT	DESC:Your base walking speed is 25 feet.
Ability Score Increase	KEY:IANDNMN Mandrake ~ Ability Score Increase		SORTKEY:1_Race	CATEGORY:Special Ability	TYPE:IADNDMN Mandrake Trait.Base Mandrake Trait.SpecialQuality.Race Trait	VISIBLE:EXPORT	DESC:Your Constitution score increases by 2, and your Charisma score increases by 1.	BONUS:STAT|Cha|1|TYPE=Racial	BONUS:STAT|Con|2|TYPE=Racial
Earthen Rest			KEY:IANDNMN Mandrake ~ Earthen Rest				SORTKEY:1_Race	CATEGORY:Special Ability	TYPE:IADNDMN Mandrake Trait.Base Mandrake Trait.SpecialQuality.Race Trait	VISIBLE:EXPORT	DESC:During a Short or Long Rest, you can burrow into workable earth or soil if there is any available, up to your plant foliage. While you do, you may roll an extra hit die for each that you spend this rest to regain hit points, and add both to the total regained this rest. Additionally, you are indistinguishable from a regular plant of your foliage's type while silent and motionless, you gain tremorsense 20' but are otherwise blind, and you are conscious as mandrakes do not sleep.
Toxic Bite			KEY:IANDNMN Mandrake ~ Toxic Bite				SORTKEY:1_Race	CATEGORY:Special Ability	TYPE:IADNDMN Mandrake Trait.Base Mandrake Trait.SpecialQuality.Race Trait	VISIBLE:EXPORT	DESC:You are considered proficient with unarmed melee attacks with your small, saw-like teeth, which deal 1d6 piercing damage on a hit, plus the target must succeed on a Constitution saving throw or take an additional 1d6 poison damage. The DC for this saving throw is 8 + your proficiency bonus + your Constitution modifier.
Languages	KEY:IANDNMN Mandrake ~ Languages	SORTKEY:1_Race	CATEGORY:Special Ability	TYPE:IADNDMN Mandrake Trait.Base Mandrake Trait.SpecialQuality.Race Trait	DESC:You can speak, read, and write Common and Sylvan.	ABILITY:Language Selection|AUTOMATIC|Common|Sylvan
Mandrake Scream		KEY:IANDNMN Mandrake ~ Mandrake Scream	SORTKEY:1_Race	CATEGORY:Special Ability	TYPE:Race Trait.IADNDMN Mandrake Trait.Base Mandrake Trait.SpecialQuality	DESC:As a mandrake, the power of your voice is legendary. You have the ability to yell or scream loud enough to be heard a number of miles away equal to one half your level. Additionally, once per Long Rest, you may scream loud enough to hurt nearby creatures: each creature within 30' of you who can hear you must succeed on a Constitution saving throw or take 1d10 thunder damage, or half as much on a success. The DC for this saving throw is 8 + your proficiency bonus + your constitution modifier, and the damage from this attack increases to 2d10 at 5th level, 3d10 at 11th level, and 4d10 at 17th level.